<?xml version="1.0" encoding="UTF-8"?>
<!-- Generated by org.testng.reporters.JUnitReportReporter -->
<testsuite skipped="0" hostname="Ashits-MacBook-Air.local" name="com.Tests.NewTest" tests="1" failures="0" timestamp="2019-12-26T22:10:53 IST" time="11.604" errors="0">
  <testcase name="f" time="11.604" classname="com.Tests.NewTest"/>
</testsuite> <!-- com.Tests.NewTest -->
